<?xml version="1.0" encoding="UTF-8"?>
<testsuite xmlns:xsi="http://www.w3.org/2001/XMLSchema-instance" xsi:noNamespaceSchemaLocation="https://maven.apache.org/surefire/maven-surefire-plugin/xsd/surefire-test-report.xsd" name="com.itheima.ServiceTest" time="14.316" tests="2" errors="0" skipped="0" failures="0">
  <properties>
[...]
</properties>
  <testcase name="selectAllApplyProjects4" classname="com.itheima.ServiceTest" time="3.648"/>
  <testcase name="selectAllApplyProjects" classname="com.itheima.ServiceTest" time="0.004"/>
</testsuite>